<?xml version="1.0" encoding="UTF-8"?>
<testsuite xmlns:xsi="http://www.w3.org/2001/XMLSchema-instance" xsi:noNamespaceSchemaLocation="https://maven.apache.org/surefire/maven-surefire-plugin/xsd/surefire-test-report.xsd" version="3.0.2" name="com.learning.excservice.ExCServiceApplicationTests" time="4.127" tests="1" errors="0" skipped="0" failures="0">
  <properties>
[...]
</properties>
  <testcase name="contextLoads" classname="com.learning.excservice.ExCServiceApplicationTests" time="0.868">
    <system-out><![CDATA[02:06:52.308 [main] INFO org.springframework.test.context.support.AnnotationConfigContextLoaderUtils -- Could not detect default configuration classes for test class [com.learning.excservice.ExCServiceApplicationTests]: ExCServiceApplicationTests does not declare any static, non-private, non-final, nested classes annotated with @Configuration.
02:06:52.633 [main] INFO org.springframework.boot.test.context.SpringBootTestContextBootstrapper -- Found @SpringBootConfiguration com.learning.excservice.ExCServiceApplication for test class com.learning.excservice.ExCServiceApplicationTests

  .   ____          _            __ _ _
 /\\ / ___'_ __ _ _(_)_ __  __ _ \ \ \ \
( ( )\___ | '_ | '_| | '_ \/ _` | \ \ \ \
 \\/  ___)| |_)| | | | | || (_| |  ) ) ) )
  '  |____| .__|_| |_|_| |_\__, | / / / /
 =========|_|==============|___/=/_/_/_/

 :: Spring Boot ::                (v3.4.4)

2025-03-28T02:06:53.336+05:30  INFO 66120 --- [ExCService] [           main] c.l.e.ExCServiceApplicationTests         : Starting ExCServiceApplicationTests using Java 21.0.5 with PID 66120 (started by manok in D:\DemoProjects\ExCService)
2025-03-28T02:06:53.338+05:30  INFO 66120 --- [ExCService] [           main] c.l.e.ExCServiceApplicationTests         : No active profile set, falling back to 1 default profile: "default"
2025-03-28T02:06:54.563+05:30  INFO 66120 --- [ExCService] [           main] o.s.b.a.w.s.WelcomePageHandlerMapping    : Adding welcome page template: index
2025-03-28T02:06:55.089+05:30  INFO 66120 --- [ExCService] [           main] c.l.e.ExCServiceApplicationTests         : Started ExCServiceApplicationTests in 2.179 seconds (process running for 4.243)
]]></system-out>
    <system-err><![CDATA[Mockito is currently self-attaching to enable the inline-mock-maker. This will no longer work in future releases of the JDK. Please add Mockito as an agent to your build what is described in Mockito's documentation: https://javadoc.io/doc/org.mockito/mockito-core/latest/org/mockito/Mockito.html#0.3
WARNING: A Java agent has been loaded dynamically (C:\Users\manok\.m2\repository\net\bytebuddy\byte-buddy-agent\1.15.11\byte-buddy-agent-1.15.11.jar)
WARNING: If a serviceability tool is in use, please run with -XX:+EnableDynamicAgentLoading to hide this warning
WARNING: If a serviceability tool is not in use, please run with -Djdk.instrument.traceUsage for more information
WARNING: Dynamic loading of agents will be disallowed by default in a future release
]]></system-err>
  </testcase>
</testsuite>